<!DOCTYPE html PUBLIC "-//W3C//DTD XHTML 1.1//EN" "http://www.w3.org/TR/xhtml11/DTD/xhtml11.dtd">
<html xmlns="http://www.w3.org/1999/xhtml">
<head>
<meta http-equiv="content-type" content="text/html; charset=UTF-8"/>
<title>TestNG Report</title>
<style type="text/css">table {margin-bottom:10px;border-collapse:collapse;empty-cells:show}th,td {border:1px solid #009;padding:.25em .5em}th {vertical-align:bottom}td {vertical-align:top}table a {font-weight:bold}.stripe td {background-color: #E6EBF9}.num {text-align:right}.passedodd td {background-color: #3F3}.passedeven td {background-color: #0A0}.skippedodd td {background-color: #DDD}.skippedeven td {background-color: #CCC}.failedodd td,.attn {background-color: #F33}.failedeven td,.stripe .attn {background-color: #D00}.stacktrace {white-space:pre;font-family:monospace}.totop {font-size:85%;text-align:center;border-bottom:2px solid #000}.invisible {display:none}</style>
</head>
<body>
<table>
<tr><th>Test</th><th># Passed</th><th># Skipped</th><th># Retried</th><th># Failed</th><th>Time (ms)</th><th>Included Groups</th><th>Excluded Groups</th></tr>
<tr><th colspan="8">Surefire suite</th></tr>
<tr><td><a href="#t0">Surefire test</a></td><td class="num">4</td><td class="num">0</td><td class="num">0</td><td class="num attn">6</td><td class="num">321,373</td><td></td><td></td></tr>
</table>
<table id='summary'><thead><tr><th>Class</th><th>Method</th><th>Start</th><th>Time (ms)</th></tr></thead><tbody><tr><th colspan="4">Surefire suite</th></tr></tbody><tbody id="t0"><tr><th colspan="4">Surefire test &#8212; failed</th></tr><tr class="failedeven"><td rowspan="6">WebTest.TestSuit</td><td><a href="#m0">UserShouldAbleToRegisterSuccessfully</a></td><td rowspan="1">1585134817315</td><td rowspan="1">55693</td></tr><tr class="failedeven"><td><a href="#m1">UserShouldBeAbleToCompareTwoDifferentProductsSuccessfully</a></td><td rowspan="1">1585134882037</td><td rowspan="1">16224</td></tr><tr class="failedeven"><td><a href="#m2">guestUserShouldBeAbleToCheckoutSuccessfully</a></td><td rowspan="1">1585134923111</td><td rowspan="1">102087</td></tr><tr class="failedeven"><td><a href="#m3">userShouldBeAbleToVerifyCurrencyChange</a></td><td rowspan="1">1585135075356</td><td rowspan="1">2512</td></tr><tr class="failedeven"><td><a href="#m4">verifyAddToCartButtonIsPresentInAllFeaturedProducts</a></td><td rowspan="1">1585135084991</td><td rowspan="1">52</td></tr><tr class="failedeven"><td><a href="#m5">verifyAddToCompareButtonForEachProduct</a></td><td rowspan="1">1585135094681</td><td rowspan="1">82</td></tr><tr><th colspan="4">Surefire test &#8212; passed</th></tr><tr class="passedeven"><td rowspan="4">WebTest.TestSuit</td><td><a href="#m6">RegisteredUserShouldBeAbleToReferAFriendSuccessfully</a></td><td rowspan="1">1585134784256</td><td rowspan="1">24449</td></tr><tr class="passedeven"><td><a href="#m7">UserShouldBeAbleToSortProductHighToLowByPrice</a></td><td rowspan="1">1585134907264</td><td rowspan="1">6192</td></tr><tr class="passedeven"><td><a href="#m8">nonRegisterUserShouldNotBeAbleToReferAProductToAFriend</a></td><td rowspan="1">1585135033829</td><td rowspan="1">11322</td></tr><tr class="passedeven"><td><a href="#m9">userShouldBeAbleToAddNewCommentOnNopCommerceWeb</a></td><td rowspan="1">1585135053473</td><td rowspan="1">11595</td></tr></tbody>
</table>
<h2>Surefire test</h2><h3 id="m0">WebTest.TestSuit#UserShouldAbleToRegisterSuccessfully</h3><table class="result"><tr><th>Exception</th></tr><tr><td><div class="stacktrace">org.openqa.selenium.NoSuchElementException: no such element: Unable to locate element: {&quot;method&quot;:&quot;css selector&quot;,&quot;selector&quot;:&quot;.result&quot;}
  (Session info: chrome=80.0.3987.149)
For documentation on this error, please visit: https://www.seleniumhq.org/exceptions/no_such_element.html
Build info: version: &apos;3.141.59&apos;, revision: &apos;e82be7d358&apos;, time: &apos;2018-11-14T08:17:03&apos;
System info: host: &apos;KASH-HP&apos;, ip: &apos;192.168.0.16&apos;, os.name: &apos;Windows 7&apos;, os.arch: &apos;amd64&apos;, os.version: &apos;6.1&apos;, java.version: &apos;1.8.0_221&apos;
Driver info: org.openqa.selenium.chrome.ChromeDriver
Capabilities {acceptInsecureCerts: false, browserName: chrome, browserVersion: 80.0.3987.149, chrome: {chromedriverVersion: 80.0.3987.106 (f68069574609..., userDataDir: C:\Users\Kash\AppData\Local...}, goog:chromeOptions: {debuggerAddress: localhost:49557}, javascriptEnabled: true, networkConnectionEnabled: false, pageLoadStrategy: normal, platform: WINDOWS, platformName: WINDOWS, proxy: Proxy(), setWindowRect: true, strictFileInteractability: false, timeouts: {implicit: 0, pageLoad: 300000, script: 30000}, unhandledPromptBehavior: dismiss and notify}
Session ID: d7395fb9954c3b7785581f33fdbed92a
*** Element info: {Using=class name, value=result}
	at org.openqa.selenium.remote.http.W3CHttpResponseCodec.createException(W3CHttpResponseCodec.java:187)
	at org.openqa.selenium.remote.http.W3CHttpResponseCodec.decode(W3CHttpResponseCodec.java:122)
	at org.openqa.selenium.remote.http.W3CHttpResponseCodec.decode(W3CHttpResponseCodec.java:49)
	at org.openqa.selenium.remote.HttpCommandExecutor.execute(HttpCommandExecutor.java:158)
	at org.openqa.selenium.remote.service.DriverCommandExecutor.execute(DriverCommandExecutor.java:83)
	at org.openqa.selenium.remote.RemoteWebDriver.execute(RemoteWebDriver.java:552)
	at org.openqa.selenium.remote.RemoteWebDriver.findElement(RemoteWebDriver.java:323)
	at org.openqa.selenium.remote.RemoteWebDriver.findElementByClassName(RemoteWebDriver.java:412)
	at org.openqa.selenium.By$ByClassName.findElement(By.java:389)
	at org.openqa.selenium.remote.RemoteWebDriver.findElement(RemoteWebDriver.java:315)
	at WebTest.Utils.getTextFromElement(Utils.java:30)
	at WebTest.Utils.assertTextMessage(Utils.java:81)
	at WebTest.RegistrationResultPage.VerifyUserRegistrationSuccessMessage(RegistrationResultPage.java:12)
	at WebTest.TestSuit.UserShouldAbleToRegisterSuccessfully(TestSuit.java:37)
	at java.util.ArrayList.forEach(ArrayList.java:1257)
... Removed 36 stack frames</div></td></tr></table><p class="totop"><a href="#summary">back to summary</a></p>
<h3 id="m1">WebTest.TestSuit#UserShouldBeAbleToCompareTwoDifferentProductsSuccessfully</h3><table class="result"><tr><th>Exception</th></tr><tr><td><div class="stacktrace">java.lang.AssertionError: Compare products expected [compare products] but found [page not found]
	at WebTest.Utils.assertTextMessage(Utils.java:82)
	at WebTest.ProductComparison.VerifyUserIsOnComparisionPage(ProductComparison.java:10)
	at WebTest.TestSuit.UserShouldBeAbleToCompareTwoDifferentProductsSuccessfully(TestSuit.java:49)
	at java.util.ArrayList.forEach(ArrayList.java:1257)
... Removed 36 stack frames</div></td></tr></table><p class="totop"><a href="#summary">back to summary</a></p>
<h3 id="m2">WebTest.TestSuit#guestUserShouldBeAbleToCheckoutSuccessfully</h3><table class="result"><tr><th>Exception</th></tr><tr><td><div class="stacktrace">org.openqa.selenium.NoSuchElementException: no such element: Unable to locate element: {&quot;method&quot;:&quot;xpath&quot;,&quot;selector&quot;:&quot;//strong[contains(text(),&apos;processed&apos;)]&quot;}
  (Session info: chrome=80.0.3987.149)
For documentation on this error, please visit: https://www.seleniumhq.org/exceptions/no_such_element.html
Build info: version: &apos;3.141.59&apos;, revision: &apos;e82be7d358&apos;, time: &apos;2018-11-14T08:17:03&apos;
System info: host: &apos;KASH-HP&apos;, ip: &apos;192.168.0.16&apos;, os.name: &apos;Windows 7&apos;, os.arch: &apos;amd64&apos;, os.version: &apos;6.1&apos;, java.version: &apos;1.8.0_221&apos;
Driver info: org.openqa.selenium.chrome.ChromeDriver
Capabilities {acceptInsecureCerts: false, browserName: chrome, browserVersion: 80.0.3987.149, chrome: {chromedriverVersion: 80.0.3987.106 (f68069574609..., userDataDir: C:\Users\Kash\AppData\Local...}, goog:chromeOptions: {debuggerAddress: localhost:49653}, javascriptEnabled: true, networkConnectionEnabled: false, pageLoadStrategy: normal, platform: WINDOWS, platformName: WINDOWS, proxy: Proxy(), setWindowRect: true, strictFileInteractability: false, timeouts: {implicit: 0, pageLoad: 300000, script: 30000}, unhandledPromptBehavior: dismiss and notify}
Session ID: e0cb4110ef291e76d0be2676c7f969c3
*** Element info: {Using=xpath, value=//strong[contains(text(),&apos;processed&apos;)]}
	at org.openqa.selenium.remote.http.W3CHttpResponseCodec.createException(W3CHttpResponseCodec.java:187)
	at org.openqa.selenium.remote.http.W3CHttpResponseCodec.decode(W3CHttpResponseCodec.java:122)
	at org.openqa.selenium.remote.http.W3CHttpResponseCodec.decode(W3CHttpResponseCodec.java:49)
	at org.openqa.selenium.remote.HttpCommandExecutor.execute(HttpCommandExecutor.java:158)
	at org.openqa.selenium.remote.service.DriverCommandExecutor.execute(DriverCommandExecutor.java:83)
	at org.openqa.selenium.remote.RemoteWebDriver.execute(RemoteWebDriver.java:552)
	at org.openqa.selenium.remote.RemoteWebDriver.findElement(RemoteWebDriver.java:323)
	at org.openqa.selenium.remote.RemoteWebDriver.findElementByXPath(RemoteWebDriver.java:428)
	at org.openqa.selenium.By$ByXPath.findElement(By.java:353)
	at org.openqa.selenium.remote.RemoteWebDriver.findElement(RemoteWebDriver.java:315)
	at WebTest.Utils.clickOnElement(Utils.java:23)
	at WebTest.CheckoutResult.verifyCheckoutSuccessMessage(CheckoutResult.java:17)
	at WebTest.TestSuit.guestUserShouldBeAbleToCheckoutSuccessfully(TestSuit.java:129)
	at java.util.ArrayList.forEach(ArrayList.java:1257)
... Removed 36 stack frames</div></td></tr></table><p class="totop"><a href="#summary">back to summary</a></p>
<h3 id="m3">WebTest.TestSuit#userShouldBeAbleToVerifyCurrencyChange</h3><table class="result"><tr><th>Exception</th></tr><tr><td><div class="stacktrace">java.lang.AssertionError: The following asserts failed:
	$ not foundЂ1032.00 expected [true] but found [false],
	$ not foundЂ1548.00 expected [true] but found [false],
	$ not foundЂ210.70 expected [true] but found [false],
	$ not foundЂ21.50 expected [true] but found [false]
	at WebTest.ChangeCurrency.verifyCurrencyChangeFromUsDollarToEuro(ChangeCurrency.java:34)
	at WebTest.TestSuit.userShouldBeAbleToVerifyCurrencyChange(TestSuit.java:143)
	at java.util.ArrayList.forEach(ArrayList.java:1257)
... Removed 34 stack frames</div></td></tr></table><p class="totop"><a href="#summary">back to summary</a></p>
<h3 id="m4">WebTest.TestSuit#verifyAddToCartButtonIsPresentInAllFeaturedProducts</h3><table class="result"><tr><th>Exception</th></tr><tr><td><div class="stacktrace">java.lang.AssertionError: Some of items does not have ADD TO CART button expected [4] but found [1]
	at WebTest.HomePage.checkAddtoCartButtonOnAllProducts(HomePage.java:53)
	at WebTest.TestSuit.verifyAddToCartButtonIsPresentInAllFeaturedProducts(TestSuit.java:151)
	at java.util.ArrayList.forEach(ArrayList.java:1257)
... Removed 36 stack frames</div></td></tr></table><p class="totop"><a href="#summary">back to summary</a></p>
<h3 id="m5">WebTest.TestSuit#verifyAddToCompareButtonForEachProduct</h3><table class="result"><tr><th>Exception</th></tr><tr><td><div class="stacktrace">java.lang.AssertionError: £ not found  expected [true] but found [false]
	at WebTest.TestSuit.verifyAddToCompareButtonForEachProduct(TestSuit.java:110)
	at java.util.ArrayList.forEach(ArrayList.java:1257)
... Removed 35 stack frames</div></td></tr></table><p class="totop"><a href="#summary">back to summary</a></p>
<h3 id="m6">WebTest.TestSuit#RegisteredUserShouldBeAbleToReferAFriendSuccessfully</h3><table class="result"><tr><th class="invisible"/></tr></table><p class="totop"><a href="#summary">back to summary</a></p>
<h3 id="m7">WebTest.TestSuit#UserShouldBeAbleToSortProductHighToLowByPrice</h3><table class="result"><tr><th class="invisible"/></tr></table><p class="totop"><a href="#summary">back to summary</a></p>
<h3 id="m8">WebTest.TestSuit#nonRegisterUserShouldNotBeAbleToReferAProductToAFriend</h3><table class="result"><tr><th class="invisible"/></tr></table><p class="totop"><a href="#summary">back to summary</a></p>
<h3 id="m9">WebTest.TestSuit#userShouldBeAbleToAddNewCommentOnNopCommerceWeb</h3><table class="result"><tr><th class="invisible"/></tr></table><p class="totop"><a href="#summary">back to summary</a></p>
</body>
</html>
